[01m[K/home/aravind/dev/paramTrack/src/cpp_parameter_event_handler/src/parameter_event_handler.cpp:[m[K In constructor â€˜[01m[KSampleNodeWithParameters::SampleNodeWithParameters()[m[Kâ€™:
[01m[K/home/aravind/dev/paramTrack/src/cpp_parameter_event_handler/src/parameter_event_handler.cpp:31:80:[m[K [01;31m[Kerror: [m[Kâ€˜[01m[Kcb[m[Kâ€™ was not declared in this scope; did you mean â€˜[01m[Kcb2[m[Kâ€™?
   31 |  = param_subscriber_->add_parameter_callback("an_int_param", [01;31m[Kcb[m[K);
      |                                                              [01;31m[K^~[m[K
      |                                                              [32m[Kcb2[m[K
make[2]: *** [CMakeFiles/parameter_event_handler.dir/build.make:63: CMakeFiles/parameter_event_handler.dir/src/parameter_event_handler.cpp.o] Error 1
make[1]: *** [CMakeFiles/Makefile2:78: CMakeFiles/parameter_event_handler.dir/all] Error 2
make: *** [Makefile:141: all] Error 2
