[0.036s] Invoking command in '/home/aravind/dev/paramTrack/build/cpp_parameter_event_handler': CMAKE_PREFIX_PATH=/opt/ros/galactic CONDA_PROMPT_MODIFIER=(base) /usr/bin/cmake --build /home/aravind/dev/paramTrack/build/cpp_parameter_event_handler -- -j12 -l12
[0.119s] [35m[1mScanning dependencies of target parameter_event_handler[0m
[0.167s] [ 50%] [32mBuilding CXX object CMakeFiles/parameter_event_handler.dir/src/parameter_event_handler.cpp.o[0m
[2.571s] [01m[K/home/aravind/dev/paramTrack/src/cpp_parameter_event_handler/src/parameter_event_handler.cpp:[m[K In lambda function:
[2.571s] [01m[K/home/aravind/dev/paramTrack/src/cpp_parameter_event_handler/src/parameter_event_handler.cpp:58:35:[m[K [01;31m[Kerror: [m[Kâ€˜[01m[Krclcpp::ParameterEventsSubscriber[m[Kâ€™ has not been declared
[2.572s]    58 |             auto params = rclcpp::[01;31m[KParameterEventsSubscriber[m[K::get_parameters_from_event(event);
[2.572s]       |                                   [01;31m[K^~~~~~~~~~~~~~~~~~~~~~~~~[m[K
[2.573s] In file included from [01m[K/opt/ros/galactic/include/rclcpp/service.hpp:34[m[K,
[2.573s]                  from [01m[K/opt/ros/galactic/include/rclcpp/callback_group.hpp:25[m[K,
[2.574s]                  from [01m[K/opt/ros/galactic/include/rclcpp/any_executable.hpp:20[m[K,
[2.574s]                  from [01m[K/opt/ros/galactic/include/rclcpp/memory_strategy.hpp:25[m[K,
[2.574s]                  from [01m[K/opt/ros/galactic/include/rclcpp/memory_strategies.hpp:18[m[K,
[2.574s]                  from [01m[K/opt/ros/galactic/include/rclcpp/executor_options.hpp:20[m[K,
[2.574s]                  from [01m[K/opt/ros/galactic/include/rclcpp/executor.hpp:36[m[K,
[2.574s]                  from [01m[K/opt/ros/galactic/include/rclcpp/executors/multi_threaded_executor.hpp:26[m[K,
[2.575s]                  from [01m[K/opt/ros/galactic/include/rclcpp/executors.hpp:21[m[K,
[2.575s]                  from [01m[K/opt/ros/galactic/include/rclcpp/rclcpp.hpp:156[m[K,
[2.575s]                  from [01m[K/home/aravind/dev/paramTrack/src/cpp_parameter_event_handler/src/parameter_event_handler.cpp:3[m[K:
[2.575s] [01m[K/home/aravind/dev/paramTrack/src/cpp_parameter_event_handler/src/parameter_event_handler.cpp:61:29:[m[K [01;31m[Kerror: [m[Kâ€˜[01m[Knode[m[Kâ€™ was not declared in this scope; did you mean â€˜[01m[KNode[m[Kâ€™?
[2.575s]    61 |                 RCLCPP_INFO([01;31m[Knode[m[K->get_logger(), "cb3: Received an update to parameter \"%s\" of type: %s:" , p.get_name().c_str(), p.get_type_name().c_str(), p.value_to_string().c_str());
[2.575s]       |                             [01;31m[K^~~~[m[K
[2.575s] [01m[K/home/aravind/dev/paramTrack/src/cpp_parameter_event_handler/src/parameter_event_handler.cpp:61:17:[m[K [01;31m[Kerror: [m[Ktemplate argument 1 is invalid
[2.576s]    61 |                 [01;31m[KRCLCPP_INFO[m[K(node->get_logger(), "cb3: Received an update to parameter \"%s\" of type: %s:" , p.get_name().c_str(), p.get_type_name().c_str(), p.value_to_string().c_str());
[2.576s]       |                 [01;31m[K^~~~~~~~~~~[m[K
[2.576s] [01m[K/home/aravind/dev/paramTrack/src/cpp_parameter_event_handler/src/parameter_event_handler.cpp:61:17:[m[K [01;31m[Kerror: [m[Ktemplate argument 1 is invalid
[2.576s]    61 |                 [01;31m[KRCLCPP_INFO[m[K(node->get_logger(), "cb3: Received an update to parameter \"%s\" of type: %s:" , p.get_name().c_str(), p.get_type_name().c_str(), p.value_to_string().c_str());
[2.576s]       |                 [01;31m[K^~~~~~~~~~~[m[K
[2.576s] [01m[K/home/aravind/dev/paramTrack/src/cpp_parameter_event_handler/src/parameter_event_handler.cpp:61:17:[m[K [01;31m[Kerror: [m[Ktemplate argument 1 is invalid
[2.576s]    61 |                 [01;31m[KRCLCPP_INFO[m[K(node->get_logger(), "cb3: Received an update to parameter \"%s\" of type: %s:" , p.get_name().c_str(), p.get_type_name().c_str(), p.value_to_string().c_str());
[2.577s]       |                 [01;31m[K^~~~~~~~~~~[m[K
[5.506s] make[2]: *** [CMakeFiles/parameter_event_handler.dir/build.make:63: CMakeFiles/parameter_event_handler.dir/src/parameter_event_handler.cpp.o] Error 1
[5.507s] make[1]: *** [CMakeFiles/Makefile2:78: CMakeFiles/parameter_event_handler.dir/all] Error 2
[5.507s] make: *** [Makefile:141: all] Error 2
[5.511s] Invoked command in '/home/aravind/dev/paramTrack/build/cpp_parameter_event_handler' returned '2': CMAKE_PREFIX_PATH=/opt/ros/galactic CONDA_PROMPT_MODIFIER=(base) /usr/bin/cmake --build /home/aravind/dev/paramTrack/build/cpp_parameter_event_handler -- -j12 -l12
